* installing *source* package ‘baytrends’ ...
** Paket ‘baytrends’ erfolgreich entpackt und MD5 Summen überprüft
** using staged installation
** R
** data
*** moving datasets to lazyload DB
** inst
** byte-compile and prepare package for lazy loading
Warnmeldung:
Paket ‘lubridate’ wurde unter R Version 4.0.2 erstellt 
** help
*** installing help indices
** building package indices
** installing vignettes
** testing if installed package can be loaded from temporary location
Warnung: package ‘lubridate’ was built under R version 4.0.2
** testing if installed package can be loaded from final location
Warnung: package ‘lubridate’ was built under R version 4.0.2
** testing if installed package keeps a record of temporary installation path
* DONE (baytrends)
